<?xml version="1.0" encoding="UTF-8"?>
<!-- Generated by org.testng.reporters.JUnitXMLReporter -->
<testsuite hostname="Home-pc" name="Surefire test" tests="3" failures="0" timestamp="20 Jul 2018 12:54:02 GMT" time="55.26" errors="0">
  <testcase name="loginTest" time="7.005" classname="com.kirill.test.LoginTest"/>
  <testcase name="removeMessageTest" time="8.444" classname="com.kirill.test.RemoveMessageTest"/>
  <testcase name="sendMessageTest" time="9.813" classname="com.kirill.test.SendMessageTest"/>
</testsuite> <!-- Surefire test -->
