<?xml version="1.0" encoding="UTF-8"?>
<testng-results skipped="0" failed="0" total="3" passed="3">
  <reporter-output>
  </reporter-output>
  <suite name="Surefire suite" duration-ms="55260" started-at="2018-07-20T12:53:07Z" finished-at="2018-07-20T12:54:02Z">
    <groups>
    </groups>
    <test name="Surefire test" duration-ms="55260" started-at="2018-07-20T12:53:07Z" finished-at="2018-07-20T12:54:02Z">
      <class name="com.kirill.test.LoginTest">
        <test-method status="PASS" signature="loginTest(java.lang.String, java.lang.String)[pri:0, instance:com.kirill.test.LoginTest@41da3aee]" name="loginTest" duration-ms="7005" started-at="2018-07-20T15:53:07Z" data-provider="positive" finished-at="2018-07-20T15:53:14Z">
          <params>
            <param index="0">
              <value>
                <![CDATA[ivan.petrov17325@gmail.com]]>
              </value>
            </param>
            <param index="1">
              <value>
                <![CDATA[qoakzm717]]>
              </value>
            </param>
          </params>
          <reporter-output>
          </reporter-output>
        </test-method> <!-- loginTest -->
        <test-method status="PASS" signature="tearDown()[pri:0, instance:com.kirill.test.LoginTest@41da3aee]" name="tearDown" is-config="true" duration-ms="5027" started-at="2018-07-20T15:53:14Z" finished-at="2018-07-20T15:53:19Z">
          <reporter-output>
          </reporter-output>
        </test-method> <!-- tearDown -->
      </class> <!-- com.kirill.test.LoginTest -->
      <class name="com.kirill.test.RemoveMessageTest">
        <test-method status="PASS" signature="createMessage()[pri:0, instance:com.kirill.test.RemoveMessageTest@5dc0ff7d]" name="createMessage" is-config="true" duration-ms="15344" started-at="2018-07-20T15:53:19Z" finished-at="2018-07-20T15:53:35Z">
          <reporter-output>
          </reporter-output>
        </test-method> <!-- createMessage -->
        <test-method status="PASS" signature="removeMessageTest()[pri:0, instance:com.kirill.test.RemoveMessageTest@5dc0ff7d]" name="removeMessageTest" duration-ms="8444" started-at="2018-07-20T15:53:35Z" finished-at="2018-07-20T15:53:43Z">
          <reporter-output>
          </reporter-output>
        </test-method> <!-- removeMessageTest -->
        <test-method status="PASS" signature="tearDown()[pri:0, instance:com.kirill.test.RemoveMessageTest@5dc0ff7d]" name="tearDown" is-config="true" duration-ms="4667" started-at="2018-07-20T15:53:43Z" finished-at="2018-07-20T15:53:48Z">
          <reporter-output>
          </reporter-output>
        </test-method> <!-- tearDown -->
      </class> <!-- com.kirill.test.RemoveMessageTest -->
      <class name="com.kirill.test.SendMessageTest">
        <test-method status="PASS" signature="sendMessageTest(java.lang.String, java.lang.String)[pri:0, instance:com.kirill.test.SendMessageTest@73971965]" name="sendMessageTest" duration-ms="9813" started-at="2018-07-20T15:53:48Z" data-provider="positive" finished-at="2018-07-20T15:53:58Z">
          <params>
            <param index="0">
              <value>
                <![CDATA[ivan.petrov17325@gmail.com]]>
              </value>
            </param>
            <param index="1">
              <value>
                <![CDATA[test message]]>
              </value>
            </param>
          </params>
          <reporter-output>
          </reporter-output>
        </test-method> <!-- sendMessageTest -->
        <test-method status="PASS" signature="deleteMessage()[pri:0, instance:com.kirill.test.SendMessageTest@73971965]" name="deleteMessage" is-config="true" duration-ms="4571" started-at="2018-07-20T15:53:58Z" finished-at="2018-07-20T15:54:02Z">
          <reporter-output>
          </reporter-output>
        </test-method> <!-- deleteMessage -->
      </class> <!-- com.kirill.test.SendMessageTest -->
    </test> <!-- Surefire test -->
  </suite> <!-- Surefire suite -->
</testng-results>
